# JRE version: Java(TM) SE Runtime Environment (20.0.1+9) (build 20.0.1+9-29)
# Java VM: Java HotSpot(TM) 64-Bit Server VM (20.0.1+9-29, mixed mode, emulated-client, sharing, tiered, compressed oops, compressed class ptrs, g1 gc, windows-amd64)
GC Precious Log:
 CardTable entry size: 512
 Card Set container configuration: InlinePtr #cards 5 size 8 Array Of Cards #cards 12 size 40 Howl #buckets 4 coarsen threshold 1843 Howl Bitmap #cards 512 size 80 coarsen threshold 460 Card regions per heap region 1 cards per card region 2048
 CPUs: 4 total, 4 available
 Memory: 3503M
 Large Page Support: Disabled
 NUMA Support: Disabled
 Compressed Oops: Enabled (32-bit)
 Heap Region Size: 1M
 Heap Min Capacity: 8M
 Heap Initial Capacity: 56M
 Heap Max Capacity: 1G
 Pre-touch: Disabled
 Parallel Workers: 4
 Concurrent Workers: 1
 Concurrent Refinement Workers: 4
 Periodic GC: Disabled
Heap:
 garbage-first heap   total 69632K, used 24796K [0x00000000c0000000, 0x0000000100000000)
  region size 1024K, 1 young (1024K), 0 survivors (0K)
 Metaspace       used 41496K, committed 42624K, reserved 1114112K
  class space    used 5199K, committed 5632K, reserved 1048576K
GC Heap History (20 events):
Event: 4171.043 GC heap after
{Heap after GC invocations=395 (full 380):
 garbage-first heap   total 69632K, used 24796K [0x00000000c0000000, 0x0000000100000000)
  region size 1024K, 0 young (0K), 0 survivors (0K)
 Metaspace       used 41496K, committed 42624K, reserved 1114112K
  class space    used 5199K, committed 5632K, reserved 1048576K
}
Event: 4181.342 GC heap before
{Heap before GC invocations=395 (full 380):
 garbage-first heap   total 69632K, used 24796K [0x00000000c0000000, 0x0000000100000000)
  region size 1024K, 1 young (1024K), 0 survivors (0K)
 Metaspace       used 41496K, committed 42624K, reserved 1114112K
  class space    used 5199K, committed 5632K, reserved 1048576K
}
Event: 4181.395 GC heap after
{Heap after GC invocations=396 (full 381):
 garbage-first heap   total 69632K, used 24796K [0x00000000c0000000, 0x0000000100000000)
  region size 1024K, 0 young (0K), 0 survivors (0K)
 Metaspace       used 41496K, committed 42624K, reserved 1114112K
  class space    used 5199K, committed 5632K, reserved 1048576K
}
Event: 4191.714 GC heap before
{Heap before GC invocations=396 (full 381):
 garbage-first heap   total 69632K, used 24796K [0x00000000c0000000, 0x0000000100000000)
  region size 1024K, 1 young (1024K), 0 survivors (0K)
 Metaspace       used 41496K, committed 42624K, reserved 1114112K
  class space    used 5199K, committed 5632K, reserved 1048576K
}
Event: 4191.768 GC heap after
{Heap after GC invocations=397 (full 382):
 garbage-first heap   total 69632K, used 24796K [0x00000000c0000000, 0x0000000100000000)
  region size 1024K, 0 young (0K), 0 survivors (0K)
 Metaspace       used 41496K, committed 42624K, reserved 1114112K
  class space    used 5199K, committed 5632K, reserved 1048576K
}
Event: 4202.060 GC heap before
{Heap before GC invocations=397 (full 382):
 garbage-first heap   total 69632K, used 24796K [0x00000000c0000000, 0x0000000100000000)
  region size 1024K, 1 young (1024K), 0 survivors (0K)
 Metaspace       used 41496K, committed 42624K, reserved 1114112K
  class space    used 5199K, committed 5632K, reserved 1048576K
}
Event: 4202.113 GC heap after
{Heap after GC invocations=398 (full 383):
 garbage-first heap   total 69632K, used 24796K [0x00000000c0000000, 0x0000000100000000)
  region size 1024K, 0 young (0K), 0 survivors (0K)
 Metaspace       used 41496K, committed 42624K, reserved 1114112K
  class space    used 5199K, committed 5632K, reserved 1048576K
}
Event: 4212.789 GC heap before
{Heap before GC invocations=398 (full 383):
 garbage-first heap   total 69632K, used 24796K [0x00000000c0000000, 0x0000000100000000)
  region size 1024K, 1 young (1024K), 0 survivors (0K)
 Metaspace       used 41496K, committed 42624K, reserved 1114112K
  class space    used 5199K, committed 5632K, reserved 1048576K
}
Event: 4212.849 GC heap after
{Heap after GC invocations=399 (full 384):
 garbage-first heap   total 69632K, used 24796K [0x00000000c0000000, 0x0000000100000000)
  region size 1024K, 0 young (0K), 0 survivors (0K)
 Metaspace       used 41496K, committed 42624K, reserved 1114112K
  class space    used 5199K, committed 5632K, reserved 1048576K
}
Event: 4225.039 GC heap before
{Heap before GC invocations=399 (full 384):
 garbage-first heap   total 69632K, used 24796K [0x00000000c0000000, 0x0000000100000000)
  region size 1024K, 1 young (1024K), 0 survivors (0K)
 Metaspace       used 41496K, committed 42624K, reserved 1114112K
  class space    used 5199K, committed 5632K, reserved 1048576K
}
Event: 4225.102 GC heap after
{Heap after GC invocations=400 (full 385):
 garbage-first heap   total 69632K, used 24796K [0x00000000c0000000, 0x0000000100000000)
  region size 1024K, 0 young (0K), 0 survivors (0K)
 Metaspace       used 41496K, committed 42624K, reserved 1114112K
  class space    used 5199K, committed 5632K, reserved 1048576K
}
Event: 4235.496 GC heap before
{Heap before GC invocations=400 (full 385):
 garbage-first heap   total 69632K, used 24796K [0x00000000c0000000, 0x0000000100000000)
  region size 1024K, 1 young (1024K), 0 survivors (0K)
 Metaspace       used 41496K, committed 42624K, reserved 1114112K
  class space    used 5199K, committed 5632K, reserved 1048576K
}
Event: 4235.554 GC heap after
{Heap after GC invocations=401 (full 386):
 garbage-first heap   total 69632K, used 24796K [0x00000000c0000000, 0x0000000100000000)
  region size 1024K, 0 young (0K), 0 survivors (0K)
 Metaspace       used 41496K, committed 42624K, reserved 1114112K
  class space    used 5199K, committed 5632K, reserved 1048576K
}
Event: 4245.892 GC heap before
{Heap before GC invocations=401 (full 386):
 garbage-first heap   total 69632K, used 24796K [0x00000000c0000000, 0x0000000100000000)
  region size 1024K, 1 young (1024K), 0 survivors (0K)
 Metaspace       used 41496K, committed 42624K, reserved 1114112K
  class space    used 5199K, committed 5632K, reserved 1048576K
}
Event: 4245.947 GC heap after
{Heap after GC invocations=402 (full 387):
 garbage-first heap   total 69632K, used 24796K [0x00000000c0000000, 0x0000000100000000)
  region size 1024K, 0 young (0K), 0 survivors (0K)
 Metaspace       used 41496K, committed 42624K, reserved 1114112K
  class space    used 5199K, committed 5632K, reserved 1048576K
}
Event: 4256.294 GC heap before
{Heap before GC invocations=402 (full 387):
 garbage-first heap   total 69632K, used 24796K [0x00000000c0000000, 0x0000000100000000)
  region size 1024K, 1 young (1024K), 0 survivors (0K)
 Metaspace       used 41496K, committed 42624K, reserved 1114112K
  class space    used 5199K, committed 5632K, reserved 1048576K
}
Event: 4256.342 GC heap after
{Heap after GC invocations=403 (full 388):
 garbage-first heap   total 69632K, used 24796K [0x00000000c0000000, 0x0000000100000000)
  region size 1024K, 0 young (0K), 0 survivors (0K)
 Metaspace       used 41496K, committed 42624K, reserved 1114112K
  class space    used 5199K, committed 5632K, reserved 1048576K
}
Event: 4266.643 GC heap before
{Heap before GC invocations=403 (full 388):
 garbage-first heap   total 69632K, used 24796K [0x00000000c0000000, 0x0000000100000000)
  region size 1024K, 1 young (1024K), 0 survivors (0K)
 Metaspace       used 41496K, committed 42624K, reserved 1114112K
  class space    used 5199K, committed 5632K, reserved 1048576K
}
Event: 4266.687 GC heap after
{Heap after GC invocations=404 (full 389):
 garbage-first heap   total 69632K, used 24796K [0x00000000c0000000, 0x0000000100000000)
  region size 1024K, 0 young (0K), 0 survivors (0K)
 Metaspace       used 41496K, committed 42624K, reserved 1114112K
  class space    used 5199K, committed 5632K, reserved 1048576K
}
Event: 4276.764 GC heap before
{Heap before GC invocations=404 (full 389):
 garbage-first heap   total 69632K, used 24796K [0x00000000c0000000, 0x0000000100000000)
  region size 1024K, 1 young (1024K), 0 survivors (0K)
 Metaspace       used 41496K, committed 42624K, reserved 1114112K
  class space    used 5199K, committed 5632K, reserved 1048576K
}

