# JRE version: Java(TM) SE Runtime Environment (20.0.1+9) (build 20.0.1+9-29)
# Java VM: Java HotSpot(TM) 64-Bit Server VM (20.0.1+9-29, mixed mode, emulated-client, sharing, tiered, compressed oops, compressed class ptrs, g1 gc, windows-amd64)
GC Precious Log:
 CardTable entry size: 512
 Card Set container configuration: InlinePtr #cards 5 size 8 Array Of Cards #cards 12 size 40 Howl #buckets 4 coarsen threshold 1843 Howl Bitmap #cards 512 size 80 coarsen threshold 460 Card regions per heap region 1 cards per card region 2048
 CPUs: 4 total, 4 available
 Memory: 3503M
 Large Page Support: Disabled
 NUMA Support: Disabled
 Compressed Oops: Enabled (32-bit)
 Heap Region Size: 1M
 Heap Min Capacity: 8M
 Heap Initial Capacity: 56M
 Heap Max Capacity: 1G
 Pre-touch: Disabled
 Parallel Workers: 4
 Concurrent Workers: 1
 Concurrent Refinement Workers: 4
 Periodic GC: Disabled
Heap:
 garbage-first heap   total 69632K, used 24528K [0x00000000c0000000, 0x0000000100000000)
  region size 1024K, 1 young (1024K), 0 survivors (0K)
 Metaspace       used 41488K, committed 42176K, reserved 1114112K
  class space    used 5239K, committed 5504K, reserved 1048576K
GC Heap History (20 events):
Event: 1279.014 GC heap after
{Heap after GC invocations=63 (full 44):
 garbage-first heap   total 69632K, used 24529K [0x00000000c0000000, 0x0000000100000000)
  region size 1024K, 0 young (0K), 0 survivors (0K)
 Metaspace       used 41488K, committed 42176K, reserved 1114112K
  class space    used 5239K, committed 5504K, reserved 1048576K
}
Event: 1289.298 GC heap before
{Heap before GC invocations=63 (full 44):
 garbage-first heap   total 69632K, used 24529K [0x00000000c0000000, 0x0000000100000000)
  region size 1024K, 1 young (1024K), 0 survivors (0K)
 Metaspace       used 41488K, committed 42176K, reserved 1114112K
  class space    used 5239K, committed 5504K, reserved 1048576K
}
Event: 1289.340 GC heap after
{Heap after GC invocations=64 (full 45):
 garbage-first heap   total 69632K, used 24529K [0x00000000c0000000, 0x0000000100000000)
  region size 1024K, 0 young (0K), 0 survivors (0K)
 Metaspace       used 41488K, committed 42176K, reserved 1114112K
  class space    used 5239K, committed 5504K, reserved 1048576K
}
Event: 1299.630 GC heap before
{Heap before GC invocations=64 (full 45):
 garbage-first heap   total 69632K, used 24529K [0x00000000c0000000, 0x0000000100000000)
  region size 1024K, 1 young (1024K), 0 survivors (0K)
 Metaspace       used 41488K, committed 42176K, reserved 1114112K
  class space    used 5239K, committed 5504K, reserved 1048576K
}
Event: 1299.676 GC heap after
{Heap after GC invocations=65 (full 46):
 garbage-first heap   total 69632K, used 24529K [0x00000000c0000000, 0x0000000100000000)
  region size 1024K, 0 young (0K), 0 survivors (0K)
 Metaspace       used 41488K, committed 42176K, reserved 1114112K
  class space    used 5239K, committed 5504K, reserved 1048576K
}
Event: 1309.933 GC heap before
{Heap before GC invocations=65 (full 46):
 garbage-first heap   total 69632K, used 24529K [0x00000000c0000000, 0x0000000100000000)
  region size 1024K, 1 young (1024K), 0 survivors (0K)
 Metaspace       used 41488K, committed 42176K, reserved 1114112K
  class space    used 5239K, committed 5504K, reserved 1048576K
}
Event: 1309.976 GC heap after
{Heap after GC invocations=66 (full 47):
 garbage-first heap   total 69632K, used 24528K [0x00000000c0000000, 0x0000000100000000)
  region size 1024K, 0 young (0K), 0 survivors (0K)
 Metaspace       used 41488K, committed 42176K, reserved 1114112K
  class space    used 5239K, committed 5504K, reserved 1048576K
}
Event: 1320.234 GC heap before
{Heap before GC invocations=66 (full 47):
 garbage-first heap   total 69632K, used 24528K [0x00000000c0000000, 0x0000000100000000)
  region size 1024K, 1 young (1024K), 0 survivors (0K)
 Metaspace       used 41488K, committed 42176K, reserved 1114112K
  class space    used 5239K, committed 5504K, reserved 1048576K
}
Event: 1320.279 GC heap after
{Heap after GC invocations=67 (full 48):
 garbage-first heap   total 69632K, used 24528K [0x00000000c0000000, 0x0000000100000000)
  region size 1024K, 0 young (0K), 0 survivors (0K)
 Metaspace       used 41488K, committed 42176K, reserved 1114112K
  class space    used 5239K, committed 5504K, reserved 1048576K
}
Event: 1330.520 GC heap before
{Heap before GC invocations=67 (full 48):
 garbage-first heap   total 69632K, used 24528K [0x00000000c0000000, 0x0000000100000000)
  region size 1024K, 1 young (1024K), 0 survivors (0K)
 Metaspace       used 41488K, committed 42176K, reserved 1114112K
  class space    used 5239K, committed 5504K, reserved 1048576K
}
Event: 1330.559 GC heap after
{Heap after GC invocations=68 (full 49):
 garbage-first heap   total 69632K, used 24528K [0x00000000c0000000, 0x0000000100000000)
  region size 1024K, 0 young (0K), 0 survivors (0K)
 Metaspace       used 41488K, committed 42176K, reserved 1114112K
  class space    used 5239K, committed 5504K, reserved 1048576K
}
Event: 1340.871 GC heap before
{Heap before GC invocations=68 (full 49):
 garbage-first heap   total 69632K, used 24528K [0x00000000c0000000, 0x0000000100000000)
  region size 1024K, 1 young (1024K), 0 survivors (0K)
 Metaspace       used 41488K, committed 42176K, reserved 1114112K
  class space    used 5239K, committed 5504K, reserved 1048576K
}
Event: 1340.915 GC heap after
{Heap after GC invocations=69 (full 50):
 garbage-first heap   total 69632K, used 24528K [0x00000000c0000000, 0x0000000100000000)
  region size 1024K, 0 young (0K), 0 survivors (0K)
 Metaspace       used 41488K, committed 42176K, reserved 1114112K
  class space    used 5239K, committed 5504K, reserved 1048576K
}
Event: 1351.194 GC heap before
{Heap before GC invocations=69 (full 50):
 garbage-first heap   total 69632K, used 24528K [0x00000000c0000000, 0x0000000100000000)
  region size 1024K, 1 young (1024K), 0 survivors (0K)
 Metaspace       used 41488K, committed 42176K, reserved 1114112K
  class space    used 5239K, committed 5504K, reserved 1048576K
}
Event: 1351.240 GC heap after
{Heap after GC invocations=70 (full 51):
 garbage-first heap   total 69632K, used 24528K [0x00000000c0000000, 0x0000000100000000)
  region size 1024K, 0 young (0K), 0 survivors (0K)
 Metaspace       used 41488K, committed 42176K, reserved 1114112K
  class space    used 5239K, committed 5504K, reserved 1048576K
}
Event: 1362.158 GC heap before
{Heap before GC invocations=70 (full 51):
 garbage-first heap   total 69632K, used 24528K [0x00000000c0000000, 0x0000000100000000)
  region size 1024K, 1 young (1024K), 0 survivors (0K)
 Metaspace       used 41488K, committed 42176K, reserved 1114112K
  class space    used 5239K, committed 5504K, reserved 1048576K
}
Event: 1362.211 GC heap after
{Heap after GC invocations=71 (full 52):
 garbage-first heap   total 69632K, used 24528K [0x00000000c0000000, 0x0000000100000000)
  region size 1024K, 0 young (0K), 0 survivors (0K)
 Metaspace       used 41488K, committed 42176K, reserved 1114112K
  class space    used 5239K, committed 5504K, reserved 1048576K
}
Event: 1373.311 GC heap before
{Heap before GC invocations=71 (full 52):
 garbage-first heap   total 69632K, used 24528K [0x00000000c0000000, 0x0000000100000000)
  region size 1024K, 1 young (1024K), 0 survivors (0K)
 Metaspace       used 41488K, committed 42176K, reserved 1114112K
  class space    used 5239K, committed 5504K, reserved 1048576K
}
Event: 1373.363 GC heap after
{Heap after GC invocations=72 (full 53):
 garbage-first heap   total 69632K, used 24528K [0x00000000c0000000, 0x0000000100000000)
  region size 1024K, 0 young (0K), 0 survivors (0K)
 Metaspace       used 41488K, committed 42176K, reserved 1114112K
  class space    used 5239K, committed 5504K, reserved 1048576K
}
Event: 1383.696 GC heap before
{Heap before GC invocations=72 (full 53):
 garbage-first heap   total 69632K, used 24528K [0x00000000c0000000, 0x0000000100000000)
  region size 1024K, 1 young (1024K), 0 survivors (0K)
 Metaspace       used 41488K, committed 42176K, reserved 1114112K
  class space    used 5239K, committed 5504K, reserved 1048576K
}

