# JRE version: Java(TM) SE Runtime Environment (20.0.1+9) (build 20.0.1+9-29)
# Java VM: Java HotSpot(TM) 64-Bit Server VM (20.0.1+9-29, mixed mode, emulated-client, sharing, tiered, compressed oops, compressed class ptrs, g1 gc, windows-amd64)
GC Precious Log:
 CardTable entry size: 512
 Card Set container configuration: InlinePtr #cards 5 size 8 Array Of Cards #cards 12 size 40 Howl #buckets 4 coarsen threshold 1843 Howl Bitmap #cards 512 size 80 coarsen threshold 460 Card regions per heap region 1 cards per card region 2048
 CPUs: 4 total, 4 available
 Memory: 3503M
 Large Page Support: Disabled
 NUMA Support: Disabled
 Compressed Oops: Enabled (32-bit)
 Heap Region Size: 1M
 Heap Min Capacity: 8M
 Heap Initial Capacity: 56M
 Heap Max Capacity: 1G
 Pre-touch: Disabled
 Parallel Workers: 4
 Concurrent Workers: 1
 Concurrent Refinement Workers: 4
 Periodic GC: Disabled
Heap:
 garbage-first heap   total 69632K, used 24638K [0x00000000c0000000, 0x0000000100000000)
  region size 1024K, 1 young (1024K), 0 survivors (0K)
 Metaspace       used 41104K, committed 42048K, reserved 1114112K
  class space    used 5174K, committed 5568K, reserved 1048576K
GC Heap History (20 events):
Event: 178.216 GC heap after
{Heap after GC invocations=17 (full 4):
 garbage-first heap   total 69632K, used 25027K [0x00000000c0000000, 0x0000000100000000)
  region size 1024K, 0 young (0K), 0 survivors (0K)
 Metaspace       used 41188K, committed 42048K, reserved 1114112K
  class space    used 5196K, committed 5568K, reserved 1048576K
}
Event: 188.500 GC heap before
{Heap before GC invocations=17 (full 4):
 garbage-first heap   total 69632K, used 25027K [0x00000000c0000000, 0x0000000100000000)
  region size 1024K, 1 young (1024K), 0 survivors (0K)
 Metaspace       used 41188K, committed 42048K, reserved 1114112K
  class space    used 5196K, committed 5568K, reserved 1048576K
}
Event: 188.559 GC heap after
{Heap after GC invocations=18 (full 5):
 garbage-first heap   total 69632K, used 24639K [0x00000000c0000000, 0x0000000100000000)
  region size 1024K, 0 young (0K), 0 survivors (0K)
 Metaspace       used 41103K, committed 42048K, reserved 1114112K
  class space    used 5174K, committed 5568K, reserved 1048576K
}
Event: 198.907 GC heap before
{Heap before GC invocations=18 (full 5):
 garbage-first heap   total 69632K, used 24639K [0x00000000c0000000, 0x0000000100000000)
  region size 1024K, 1 young (1024K), 0 survivors (0K)
 Metaspace       used 41103K, committed 42048K, reserved 1114112K
  class space    used 5174K, committed 5568K, reserved 1048576K
}
Event: 198.961 GC heap after
{Heap after GC invocations=19 (full 6):
 garbage-first heap   total 69632K, used 24638K [0x00000000c0000000, 0x0000000100000000)
  region size 1024K, 0 young (0K), 0 survivors (0K)
 Metaspace       used 41103K, committed 42048K, reserved 1114112K
  class space    used 5174K, committed 5568K, reserved 1048576K
}
Event: 209.307 GC heap before
{Heap before GC invocations=19 (full 6):
 garbage-first heap   total 69632K, used 24638K [0x00000000c0000000, 0x0000000100000000)
  region size 1024K, 1 young (1024K), 0 survivors (0K)
 Metaspace       used 41104K, committed 42048K, reserved 1114112K
  class space    used 5174K, committed 5568K, reserved 1048576K
}
Event: 209.360 GC heap after
{Heap after GC invocations=20 (full 7):
 garbage-first heap   total 69632K, used 24638K [0x00000000c0000000, 0x0000000100000000)
  region size 1024K, 0 young (0K), 0 survivors (0K)
 Metaspace       used 41104K, committed 42048K, reserved 1114112K
  class space    used 5174K, committed 5568K, reserved 1048576K
}
Event: 219.743 GC heap before
{Heap before GC invocations=20 (full 7):
 garbage-first heap   total 69632K, used 24638K [0x00000000c0000000, 0x0000000100000000)
  region size 1024K, 1 young (1024K), 0 survivors (0K)
 Metaspace       used 41104K, committed 42048K, reserved 1114112K
  class space    used 5174K, committed 5568K, reserved 1048576K
}
Event: 219.781 GC heap after
{Heap after GC invocations=21 (full 8):
 garbage-first heap   total 69632K, used 24638K [0x00000000c0000000, 0x0000000100000000)
  region size 1024K, 0 young (0K), 0 survivors (0K)
 Metaspace       used 41104K, committed 42048K, reserved 1114112K
  class space    used 5174K, committed 5568K, reserved 1048576K
}
Event: 230.049 GC heap before
{Heap before GC invocations=21 (full 8):
 garbage-first heap   total 69632K, used 24638K [0x00000000c0000000, 0x0000000100000000)
  region size 1024K, 1 young (1024K), 0 survivors (0K)
 Metaspace       used 41104K, committed 42048K, reserved 1114112K
  class space    used 5174K, committed 5568K, reserved 1048576K
}
Event: 230.092 GC heap after
{Heap after GC invocations=22 (full 9):
 garbage-first heap   total 69632K, used 24638K [0x00000000c0000000, 0x0000000100000000)
  region size 1024K, 0 young (0K), 0 survivors (0K)
 Metaspace       used 41104K, committed 42048K, reserved 1114112K
  class space    used 5174K, committed 5568K, reserved 1048576K
}
Event: 270.399 GC heap before
{Heap before GC invocations=22 (full 9):
 garbage-first heap   total 69632K, used 24638K [0x00000000c0000000, 0x0000000100000000)
  region size 1024K, 1 young (1024K), 0 survivors (0K)
 Metaspace       used 41104K, committed 42048K, reserved 1114112K
  class space    used 5174K, committed 5568K, reserved 1048576K
}
Event: 270.439 GC heap after
{Heap after GC invocations=23 (full 10):
 garbage-first heap   total 69632K, used 24639K [0x00000000c0000000, 0x0000000100000000)
  region size 1024K, 0 young (0K), 0 survivors (0K)
 Metaspace       used 41104K, committed 42048K, reserved 1114112K
  class space    used 5174K, committed 5568K, reserved 1048576K
}
Event: 280.716 GC heap before
{Heap before GC invocations=23 (full 10):
 garbage-first heap   total 69632K, used 24639K [0x00000000c0000000, 0x0000000100000000)
  region size 1024K, 1 young (1024K), 0 survivors (0K)
 Metaspace       used 41104K, committed 42048K, reserved 1114112K
  class space    used 5174K, committed 5568K, reserved 1048576K
}
Event: 280.754 GC heap after
{Heap after GC invocations=24 (full 11):
 garbage-first heap   total 69632K, used 24639K [0x00000000c0000000, 0x0000000100000000)
  region size 1024K, 0 young (0K), 0 survivors (0K)
 Metaspace       used 41104K, committed 42048K, reserved 1114112K
  class space    used 5174K, committed 5568K, reserved 1048576K
}
Event: 291.103 GC heap before
{Heap before GC invocations=24 (full 11):
 garbage-first heap   total 69632K, used 24639K [0x00000000c0000000, 0x0000000100000000)
  region size 1024K, 1 young (1024K), 0 survivors (0K)
 Metaspace       used 41104K, committed 42048K, reserved 1114112K
  class space    used 5174K, committed 5568K, reserved 1048576K
}
Event: 291.148 GC heap after
{Heap after GC invocations=25 (full 12):
 garbage-first heap   total 69632K, used 24639K [0x00000000c0000000, 0x0000000100000000)
  region size 1024K, 0 young (0K), 0 survivors (0K)
 Metaspace       used 41104K, committed 42048K, reserved 1114112K
  class space    used 5174K, committed 5568K, reserved 1048576K
}
Event: 301.734 GC heap before
{Heap before GC invocations=25 (full 12):
 garbage-first heap   total 69632K, used 24639K [0x00000000c0000000, 0x0000000100000000)
  region size 1024K, 1 young (1024K), 0 survivors (0K)
 Metaspace       used 41104K, committed 42048K, reserved 1114112K
  class space    used 5174K, committed 5568K, reserved 1048576K
}
Event: 301.780 GC heap after
{Heap after GC invocations=26 (full 13):
 garbage-first heap   total 69632K, used 24638K [0x00000000c0000000, 0x0000000100000000)
  region size 1024K, 0 young (0K), 0 survivors (0K)
 Metaspace       used 41104K, committed 42048K, reserved 1114112K
  class space    used 5174K, committed 5568K, reserved 1048576K
}
Event: 311.841 GC heap before
{Heap before GC invocations=26 (full 13):
 garbage-first heap   total 69632K, used 24638K [0x00000000c0000000, 0x0000000100000000)
  region size 1024K, 1 young (1024K), 0 survivors (0K)
 Metaspace       used 41104K, committed 42048K, reserved 1114112K
  class space    used 5174K, committed 5568K, reserved 1048576K
}

